Построение начато 11.01.2021 21:15:43.
     1>Проект "C:\Users\The trick\YandexDisk\Projects\BitcoinVB\mpir-2.6.0\build.vc10\lib_mpir_gc\lib_mpir_gc.vcxproj" в узле 2 (целевые объекты build).
     1>PrepareForBuild:
         Создание каталога "C:\Users\The trick\YandexDisk\Projects\BitcoinVB\mpir-2.6.0\build.vc10\Win32\Release\".
       InitializeBuildStatus:
         Создание "Win32\Release\lib_mpir_gc.unsuccessfulbuild", так как было задано "AlwaysCreate".
       PreBuildEvent:
         cd ..\ 
         prebuild gc Win32
           
         :VCEnd
         building MPIR for gc (win32) from directory mpn\generic
         creating mpir.h for win32
       MakeDirsForCl:
         Создание каталога "C:\Users\The trick\YandexDisk\Projects\BitcoinVB\mpir-2.6.0\build.vc10\lib_mpir_gc\Win32\Release\fft".
         Создание каталога "C:\Users\The trick\YandexDisk\Projects\BitcoinVB\mpir-2.6.0\build.vc10\lib_mpir_gc\Win32\Release\mpf".
         Создание каталога "C:\Users\The trick\YandexDisk\Projects\BitcoinVB\mpir-2.6.0\build.vc10\lib_mpir_gc\Win32\Release\mpq".
         Создание каталога "C:\Users\The trick\YandexDisk\Projects\BitcoinVB\mpir-2.6.0\build.vc10\lib_mpir_gc\Win32\Release\mpz".
         Создание каталога "C:\Users\The trick\YandexDisk\Projects\BitcoinVB\mpir-2.6.0\build.vc10\lib_mpir_gc\Win32\Release\printf".
         Создание каталога "C:\Users\The trick\YandexDisk\Projects\BitcoinVB\mpir-2.6.0\build.vc10\lib_mpir_gc\Win32\Release\scanf".
         Создание каталога "C:\Users\The trick\YandexDisk\Projects\BitcoinVB\mpir-2.6.0\build.vc10\lib_mpir_gc\Win32\Release\mpn".
       ClCompile:
         C:\Program Files (x86)\Microsoft Visual Studio 10.0\VC\bin\CL.exe /c /I..\..\ /Zi /nologo /W1 /WX- /Ox /Oi /Oy- /D NDEBUG /D _LIB /D HAVE_CONFIG_H /D _MBCS /Gm- /EHsc /MT /GS /fp:precise /Zc:wchar_t /Zc:forScope /Fo"Win32\Release\\" /Fd"C:\Users\The trick\YandexDisk\Projects\BitcoinVB\mpir-2.6.0\build.vc10\Win32\Release\mpir.pdb" /Gd /TC /analyze- /errorReport:prompt ..\..\assert.c ..\..\errno.c "..\..\extract-dbl.c" ..\..\invalid.c ..\..\memory.c ..\..\mp_bpl.c ..\..\mp_clz_tab.c ..\..\mp_dv_tab.c ..\..\mp_get_fns.c ..\..\mp_minv_tab.c ..\..\mp_set_fns.c ..\..\randbui.c ..\..\randclr.c ..\..\randdef.c ..\..\randiset.c ..\..\randlc2s.c ..\..\randlc2x.c ..\..\randmt.c ..\..\randmts.c ..\..\randmui.c ..\..\rands.c ..\..\randsd.c ..\..\randsdui.c "..\..\tal-reent.c" ..\..\version.c
         assert.c
         errno.c
         extract-dbl.c
         invalid.c
         memory.c
         mp_bpl.c
         mp_clz_tab.c
         mp_dv_tab.c
         mp_get_fns.c
         mp_minv_tab.c
         mp_set_fns.c
         randbui.c
         randclr.c
         randdef.c
         randiset.c
         randlc2s.c
         randlc2x.c
         randmt.c
         randmts.c
         randmui.c
         Создание кода...
         Компиляция...
         rands.c
         randsd.c
         randsdui.c
         tal-reent.c
         version.c
         Создание кода...
         C:\Program Files (x86)\Microsoft Visual Studio 10.0\VC\bin\CL.exe /c /I..\..\ /Zi /nologo /W1 /WX- /Ox /Oi /Oy- /D NDEBUG /D _LIB /D HAVE_CONFIG_H /D _MBCS /Gm- /EHsc /MT /GS /fp:precise /Zc:wchar_t /Zc:forScope /Fo"Win32\Release\fft\\" /Fd"C:\Users\The trick\YandexDisk\Projects\BitcoinVB\mpir-2.6.0\build.vc10\Win32\Release\mpir.pdb" /Gd /TC /analyze- /errorReport:prompt ..\..\fft\adjust.c ..\..\fft\adjust_sqrt2.c ..\..\fft\butterfly_lshB.c ..\..\fft\butterfly_rshB.c ..\..\fft\combine_bits.c ..\..\fft\div_2expmod_2expp1.c ..\..\fft\fermat_to_mpz.c ..\..\fft\fft_mfa_trunc_sqrt2.c ..\..\fft\fft_mfa_trunc_sqrt2_inner.c ..\..\fft\fft_negacylic.c ..\..\fft\fft_radix2.c ..\..\fft\fft_trunc.c ..\..\fft\fft_trunc_sqrt2.c ..\..\fft\ifft_mfa_trunc_sqrt2.c ..\..\fft\ifft_negacyclic.c ..\..\fft\ifft_radix2.c ..\..\fft\ifft_trunc.c ..\..\fft\ifft_trunc_sqrt2.c ..\..\fft\mul_2expmod_2expp1.c ..\..\fft\mul_fft_main.c ..\..\fft\mul_mfa_trunc_sqrt2.c ..\..\fft\mul_trunc_sqrt2.c ..\..\fft\mulmod_2expp1.c ..\..\fft\normmod_2expp1.c ..\..\fft\revbin.c ..\..\fft\split_bits.c
         adjust.c
         adjust_sqrt2.c
         butterfly_lshB.c
         butterfly_rshB.c
         combine_bits.c
         div_2expmod_2expp1.c
         fermat_to_mpz.c
         fft_mfa_trunc_sqrt2.c
         fft_mfa_trunc_sqrt2_inner.c
         fft_negacylic.c
         fft_radix2.c
         fft_trunc.c
         fft_trunc_sqrt2.c
         ifft_mfa_trunc_sqrt2.c
         ifft_negacyclic.c
         ifft_radix2.c
         ifft_trunc.c
         ifft_trunc_sqrt2.c
         mul_2expmod_2expp1.c
         mul_fft_main.c
         Создание кода...
         Компиляция...
         mul_mfa_trunc_sqrt2.c
         mul_trunc_sqrt2.c
         mulmod_2expp1.c
         normmod_2expp1.c
         revbin.c
         split_bits.c
         Создание кода...
         C:\Program Files (x86)\Microsoft Visual Studio 10.0\VC\bin\CL.exe /c /I..\..\ /Zi /nologo /W1 /WX- /Ox /Oi /Oy- /D NDEBUG /D _LIB /D HAVE_CONFIG_H /D _MBCS /Gm- /EHsc /MT /GS /fp:precise /Zc:wchar_t /Zc:forScope /Fo"Win32\Release\mpf\\" /Fd"C:\Users\The trick\YandexDisk\Projects\BitcoinVB\mpir-2.6.0\build.vc10\Win32\Release\mpir.pdb" /Gd /TC /analyze- /errorReport:prompt ..\..\mpf\abs.c ..\..\mpf\add.c ..\..\mpf\add_ui.c ..\..\mpf\ceilfloor.c ..\..\mpf\clear.c ..\..\mpf\clears.c ..\..\mpf\cmp.c ..\..\mpf\cmp_d.c ..\..\mpf\cmp_si.c ..\..\mpf\cmp_ui.c ..\..\mpf\div.c ..\..\mpf\div_2exp.c ..\..\mpf\div_ui.c ..\..\mpf\dump.c ..\..\mpf\eq.c ..\..\mpf\fits_si.c ..\..\mpf\fits_sint.c ..\..\mpf\fits_slong.c ..\..\mpf\fits_sshort.c ..\..\mpf\fits_ui.c ..\..\mpf\fits_uint.c ..\..\mpf\fits_ulong.c ..\..\mpf\fits_ushort.c ..\..\mpf\get_d.c ..\..\mpf\get_d_2exp.c ..\..\mpf\get_dfl_prec.c ..\..\mpf\get_prc.c ..\..\mpf\get_si.c ..\..\mpf\get_str.c ..\..\mpf\get_ui.c ..\..\mpf\init.c ..\..\mpf\init2.c ..\..\mpf\inits.c ..\..\mpf\inp_str.c ..\..\mpf\int_p.c ..\..\mpf\iset.c ..\..\mpf\iset_d.c ..\..\mpf\iset_si.c ..\..\mpf\iset_str.c ..\..\mpf\iset_ui.c ..\..\mpf\mul.c ..\..\mpf\mul_2exp.c ..\..\mpf\mul_ui.c ..\..\mpf\neg.c ..\..\mpf\out_str.c ..\..\mpf\pow_ui.c ..\..\mpf\random2.c ..\..\mpf\reldiff.c ..\..\mpf\rrandomb.c ..\..\mpf\set.c ..\..\mpf\set_d.c ..\..\mpf\set_dfl_prec.c ..\..\mpf\set_prc.c ..\..\mpf\set_prc_raw.c ..\..\mpf\set_q.c ..\..\mpf\set_si.c ..\..\mpf\set_str.c ..\..\mpf\set_ui.c ..\..\mpf\set_z.c ..\..\mpf\size.c ..\..\mpf\sqrt.c ..\..\mpf\sqrt_ui.c ..\..\mpf\sub.c ..\..\mpf\sub_ui.c ..\..\mpf\swap.c ..\..\mpf\trunc.c ..\..\mpf\ui_div.c ..\..\mpf\ui_sub.c ..\..\mpf\urandomb.c
         abs.c
         add.c
         add_ui.c
         ceilfloor.c
         clear.c
         clears.c
         cmp.c
         cmp_d.c
         cmp_si.c
         cmp_ui.c
         div.c
         div_2exp.c
         div_ui.c
         dump.c
         eq.c
         fits_si.c
         fits_sint.c
         fits_slong.c
         fits_sshort.c
         fits_ui.c
         Создание кода...
         Компиляция...
         fits_uint.c
         fits_ulong.c
         fits_ushort.c
         get_d.c
         get_d_2exp.c
         get_dfl_prec.c
         get_prc.c
         get_si.c
         get_str.c
         get_ui.c
         init.c
         init2.c
         inits.c
         inp_str.c
         int_p.c
         iset.c
         iset_d.c
         iset_si.c
         iset_str.c
         iset_ui.c
         Создание кода...
         Компиляция...
         mul.c
         mul_2exp.c
         mul_ui.c
         neg.c
         out_str.c
         pow_ui.c
         random2.c
         reldiff.c
         rrandomb.c
         set.c
         set_d.c
         set_dfl_prec.c
         set_prc.c
         set_prc_raw.c
         set_q.c
         set_si.c
         set_str.c
         set_ui.c
         set_z.c
         size.c
         Создание кода...
         Компиляция...
         sqrt.c
         sqrt_ui.c
         sub.c
         sub_ui.c
         swap.c
         trunc.c
         ui_div.c
         ui_sub.c
         urandomb.c
         Создание кода...
         C:\Program Files (x86)\Microsoft Visual Studio 10.0\VC\bin\CL.exe /c /I..\..\ /Zi /nologo /W1 /WX- /Ox /Oi /Oy- /D NDEBUG /D _LIB /D HAVE_CONFIG_H /D _MBCS /Gm- /EHsc /MT /GS /fp:precise /Zc:wchar_t /Zc:forScope /Fo"Win32\Release\mpq\\" /Fd"C:\Users\The trick\YandexDisk\Projects\BitcoinVB\mpir-2.6.0\build.vc10\Win32\Release\mpir.pdb" /Gd /TC /analyze- /errorReport:prompt ..\..\mpq\abs.c ..\..\mpq\aors.c ..\..\mpq\canonicalize.c ..\..\mpq\clear.c ..\..\mpq\clears.c ..\..\mpq\cmp.c ..\..\mpq\cmp_si.c ..\..\mpq\cmp_ui.c ..\..\mpq\div.c ..\..\mpq\equal.c ..\..\mpq\get_d.c ..\..\mpq\get_den.c ..\..\mpq\get_num.c ..\..\mpq\get_str.c ..\..\mpq\init.c ..\..\mpq\inits.c ..\..\mpq\inp_str.c ..\..\mpq\inv.c ..\..\mpq\md_2exp.c ..\..\mpq\mul.c ..\..\mpq\neg.c ..\..\mpq\out_str.c ..\..\mpq\set.c ..\..\mpq\set_d.c ..\..\mpq\set_den.c ..\..\mpq\set_f.c ..\..\mpq\set_num.c ..\..\mpq\set_si.c ..\..\mpq\set_str.c ..\..\mpq\set_ui.c ..\..\mpq\set_z.c ..\..\mpq\swap.c
         abs.c
         aors.c
         canonicalize.c
         clear.c
         clears.c
         cmp.c
         cmp_si.c
         cmp_ui.c
         div.c
         equal.c
         get_d.c
         get_den.c
         get_num.c
         get_str.c
         init.c
         inits.c
         inp_str.c
         inv.c
         md_2exp.c
         mul.c
         Создание кода...
         Компиляция...
         neg.c
         out_str.c
         set.c
         set_d.c
         set_den.c
         set_f.c
         set_num.c
         set_si.c
         set_str.c
         set_ui.c
         set_z.c
         swap.c
         Создание кода...
         C:\Program Files (x86)\Microsoft Visual Studio 10.0\VC\bin\CL.exe /c /I..\..\ /Zi /nologo /W1 /WX- /Ox /Oi /Oy- /D NDEBUG /D _LIB /D HAVE_CONFIG_H /D _MBCS /Gm- /EHsc /MT /GS /fp:precise /Zc:wchar_t /Zc:forScope /Fo"Win32\Release\mpz\\" /Fd"C:\Users\The trick\YandexDisk\Projects\BitcoinVB\mpir-2.6.0\build.vc10\Win32\Release\mpir.pdb" /Gd /TC /analyze- /errorReport:prompt ..\..\mpz\abs.c ..\..\mpz\add.c ..\..\mpz\add_ui.c ..\..\mpz\and.c ..\..\mpz\aorsmul.c ..\..\mpz\aorsmul_i.c ..\..\mpz\array_init.c ..\..\mpz\bin_ui.c ..\..\mpz\bin_uiui.c ..\..\mpz\cdiv_q.c ..\..\mpz\cdiv_q_ui.c ..\..\mpz\cdiv_qr.c ..\..\mpz\cdiv_qr_ui.c ..\..\mpz\cdiv_r.c ..\..\mpz\cdiv_r_ui.c ..\..\mpz\cdiv_ui.c ..\..\mpz\cfdiv_q_2exp.c ..\..\mpz\cfdiv_r_2exp.c ..\..\mpz\clear.c ..\..\mpz\clears.c ..\..\mpz\clrbit.c ..\..\mpz\cmp.c ..\..\mpz\cmp_d.c ..\..\mpz\cmp_si.c ..\..\mpz\cmp_ui.c ..\..\mpz\cmpabs.c ..\..\mpz\cmpabs_d.c ..\..\mpz\cmpabs_ui.c ..\..\mpz\com.c ..\..\mpz\combit.c ..\..\mpz\cong.c ..\..\mpz\cong_2exp.c ..\..\mpz\cong_ui.c ..\..\mpz\dive_ui.c ..\..\mpz\divegcd.c ..\..\mpz\divexact.c ..\..\mpz\divis.c ..\..\mpz\divis_2exp.c ..\..\mpz\divis_ui.c ..\..\mpz\dump.c ..\..\mpz\export.c ..\..\mpz\fac_ui.c ..\..\mpz\fdiv_q.c ..\..\mpz\fdiv_q_ui.c ..\..\mpz\fdiv_qr.c ..\..\mpz\fdiv_qr_ui.c ..\..\mpz\fdiv_r.c ..\..\mpz\fdiv_r_ui.c ..\..\mpz\fdiv_ui.c ..\..\mpz\fib2_ui.c ..\..\mpz\fib_ui.c ..\..\mpz\fits_si.c ..\..\mpz\fits_sint.c ..\..\mpz\fits_slong.c ..\..\mpz\fits_sshort.c ..\..\mpz\fits_ui.c ..\..\mpz\fits_uint.c ..\..\mpz\fits_ulong.c ..\..\mpz\fits_ushort.c ..\..\mpz\gcd.c ..\..\mpz\gcd_ui.c ..\..\mpz\gcdext.c ..\..\mpz\get_d.c ..\..\mpz\get_d_2exp.c ..\..\mpz\get_si.c ..\..\mpz\get_str.c ..\..\mpz\get_sx.c ..\..\mpz\get_ui.c ..\..\mpz\get_ux.c ..\..\mpz\getlimbn.c ..\..\mpz\hamdist.c ..\..\mpz\import.c ..\..\mpz\init.c ..\..\mpz\init2.c ..\..\mpz\inits.c ..\..\mpz\inp_raw.c ..\..\mpz\inp_str.c ..\..\mpz\invert.c ..\..\mpz\ior.c ..\..\mpz\iset.c ..\..\mpz\iset_d.c ..\..\mpz\iset_si.c ..\..\mpz\iset_str.c ..\..\mpz\iset_sx.c ..\..\mpz\iset_ui.c ..\..\mpz\iset_ux.c ..\..\mpz\jacobi.c ..\..\mpz\kronsz.c ..\..\mpz\kronuz.c ..\..\mpz\kronzs.c ..\..\mpz\kronzu.c ..\..\mpz\lcm.c ..\..\mpz\lcm_ui.c ..\..\mpz\likely_prime_p.c ..\..\mpz\lucnum2_ui.c ..\..\mpz\lucnum_ui.c ..\..\mpz\miller_rabin.c ..\..\mpz\millerrabin.c ..\..\mpz\mod.c ..\..\mpz\mul.c ..\..\mpz\mul_2exp.c ..\..\mpz\mul_si.c ..\..\mpz\mul_ui.c ..\..\mpz\n_pow_ui.c ..\..\mpz\neg.c ..\..\mpz\next_likely_prime.c ..\..\mpz\nextprime.c ..\..\mpz\nthroot.c ..\..\mpz\out_raw.c ..\..\mpz\out_str.c ..\..\mpz\perfpow.c ..\..\mpz\perfsqr.c ..\..\mpz\popcount.c ..\..\mpz\pow_ui.c ..\..\mpz\powm.c ..\..\mpz\powm_ui.c ..\..\mpz\pprime_p.c ..\..\mpz\probable_prime_p.c ..\..\mpz\realloc.c ..\..\mpz\realloc2.c ..\..\mpz\remove.c ..\..\mpz\root.c ..\..\mpz\rootrem.c ..\..\mpz\rrandomb.c ..\..\mpz\scan0.c ..\..\mpz\scan1.c ..\..\mpz\set.c ..\..\mpz\set_d.c ..\..\mpz\set_f.c ..\..\mpz\set_q.c ..\..\mpz\set_si.c ..\..\mpz\set_str.c ..\..\mpz\set_sx.c ..\..\mpz\set_ui.c ..\..\mpz\set_ux.c ..\..\mpz\setbit.c ..\..\mpz\size.c ..\..\mpz\sizeinbase.c ..\..\mpz\sqrt.c ..\..\mpz\sqrtrem.c ..\..\mpz\sub.c ..\..\mpz\sub_ui.c ..\..\mpz\swap.c ..\..\mpz\tdiv_q.c ..\..\mpz\tdiv_q_2exp.c ..\..\mpz\tdiv_q_ui.c ..\..\mpz\tdiv_qr.c ..\..\mpz\tdiv_qr_ui.c ..\..\mpz\tdiv_r.c ..\..\mpz\tdiv_r_2exp.c ..\..\mpz\tdiv_r_ui.c ..\..\mpz\tdiv_ui.c ..\..\mpz\trial_division.c ..\..\mpz\tstbit.c ..\..\mpz\ui_pow_ui.c ..\..\mpz\ui_sub.c ..\..\mpz\urandomb.c ..\..\mpz\urandomm.c ..\..\mpz\xor.c
         abs.c
         add.c
         add_ui.c
         and.c
         aorsmul.c
         aorsmul_i.c
         array_init.c
         bin_ui.c
         bin_uiui.c
         cdiv_q.c
         cdiv_q_ui.c
         cdiv_qr.c
         cdiv_qr_ui.c
         cdiv_r.c
         cdiv_r_ui.c
         cdiv_ui.c
         cfdiv_q_2exp.c
         cfdiv_r_2exp.c
         clear.c
         clears.c
         Создание кода...
         Компиляция...
         clrbit.c
         cmp.c
         cmp_d.c
         cmp_si.c
         cmp_ui.c
         cmpabs.c
         cmpabs_d.c
         cmpabs_ui.c
         com.c
         combit.c
         cong.c
         cong_2exp.c
         cong_ui.c
         dive_ui.c
         divegcd.c
         divexact.c
         divis.c
         divis_2exp.c
         divis_ui.c
         dump.c
         Создание кода...
         Компиляция...
         export.c
         fac_ui.c
         fdiv_q.c
         fdiv_q_ui.c
         fdiv_qr.c
         fdiv_qr_ui.c
         fdiv_r.c
         fdiv_r_ui.c
         fdiv_ui.c
         fib2_ui.c
         fib_ui.c
         fits_si.c
         fits_sint.c
         fits_slong.c
         fits_sshort.c
         fits_ui.c
         fits_uint.c
         fits_ulong.c
         fits_ushort.c
         gcd.c
         Создание кода...
         Компиляция...
         gcd_ui.c
         gcdext.c
         get_d.c
         get_d_2exp.c
         get_si.c
         get_str.c
         get_sx.c
         get_ui.c
         get_ux.c
         getlimbn.c
         hamdist.c
         import.c
         init.c
         init2.c
         inits.c
         inp_raw.c
         inp_str.c
         invert.c
         ior.c
         iset.c
         Создание кода...
         Компиляция...
         iset_d.c
         iset_si.c
         iset_str.c
         iset_sx.c
         iset_ui.c
         iset_ux.c
         jacobi.c
         kronsz.c
         kronuz.c
         kronzs.c
         kronzu.c
         lcm.c
         lcm_ui.c
         likely_prime_p.c
         lucnum2_ui.c
         lucnum_ui.c
         miller_rabin.c
         millerrabin.c
         mod.c
         mul.c
         Создание кода...
         Компиляция...
         mul_2exp.c
         mul_si.c
         mul_ui.c
         n_pow_ui.c
         neg.c
         next_likely_prime.c
         nextprime.c
         nthroot.c
         out_raw.c
         out_str.c
         perfpow.c
         perfsqr.c
         popcount.c
         pow_ui.c
         powm.c
         powm_ui.c
         pprime_p.c
         probable_prime_p.c
         realloc.c
         realloc2.c
         Создание кода...
         Компиляция...
         remove.c
         root.c
         rootrem.c
         rrandomb.c
         scan0.c
         scan1.c
         set.c
         set_d.c
         set_f.c
         set_q.c
         set_si.c
         set_str.c
         set_sx.c
         set_ui.c
         set_ux.c
         setbit.c
         size.c
         sizeinbase.c
         sqrt.c
         sqrtrem.c
         Создание кода...
         Компиляция...
         sub.c
         sub_ui.c
         swap.c
         tdiv_q.c
         tdiv_q_2exp.c
         tdiv_q_ui.c
         tdiv_qr.c
         tdiv_qr_ui.c
         tdiv_r.c
         tdiv_r_2exp.c
         tdiv_r_ui.c
         tdiv_ui.c
         trial_division.c
         tstbit.c
         ui_pow_ui.c
         ui_sub.c
         urandomb.c
         urandomm.c
         xor.c
         Создание кода...
         C:\Program Files (x86)\Microsoft Visual Studio 10.0\VC\bin\CL.exe /c /I..\..\ /Zi /nologo /W1 /WX- /Ox /Oi /Oy- /D NDEBUG /D _LIB /D HAVE_CONFIG_H /D _MBCS /Gm- /EHsc /MT /GS /fp:precise /Zc:wchar_t /Zc:forScope /Fo"Win32\Release\printf\\" /Fd"C:\Users\The trick\YandexDisk\Projects\BitcoinVB\mpir-2.6.0\build.vc10\Win32\Release\mpir.pdb" /Gd /TC /analyze- /errorReport:prompt ..\..\printf\asprintf.c ..\..\printf\asprntffuns.c ..\..\printf\doprnt.c ..\..\printf\doprntf.c ..\..\printf\doprnti.c ..\..\printf\fprintf.c ..\..\printf\obprintf.c ..\..\printf\obprntffuns.c ..\..\printf\obvprintf.c ..\..\printf\printf.c ..\..\printf\printffuns.c "..\..\printf\repl-vsnprintf.c" ..\..\printf\snprintf.c ..\..\printf\snprntffuns.c ..\..\printf\sprintf.c ..\..\printf\sprintffuns.c ..\..\printf\vasprintf.c ..\..\printf\vfprintf.c ..\..\printf\vprintf.c ..\..\printf\vsnprintf.c ..\..\printf\vsprintf.c
         asprintf.c
         asprntffuns.c
         doprnt.c
         doprntf.c
         doprnti.c
         fprintf.c
         obprintf.c
         obprntffuns.c
         obvprintf.c
         printf.c
         printffuns.c
         repl-vsnprintf.c
         snprintf.c
         snprntffuns.c
         sprintf.c
         sprintffuns.c
         vasprintf.c
         vfprintf.c
         vprintf.c
         vsnprintf.c
         Создание кода...
         Компиляция...
         vsprintf.c
         Создание кода...
         C:\Program Files (x86)\Microsoft Visual Studio 10.0\VC\bin\CL.exe /c /I..\..\ /Zi /nologo /W1 /WX- /Ox /Oi /Oy- /D NDEBUG /D _LIB /D HAVE_CONFIG_H /D _MBCS /Gm- /EHsc /MT /GS /fp:precise /Zc:wchar_t /Zc:forScope /Fo"Win32\Release\scanf\\" /Fd"C:\Users\The trick\YandexDisk\Projects\BitcoinVB\mpir-2.6.0\build.vc10\Win32\Release\mpir.pdb" /Gd /TC /analyze- /errorReport:prompt ..\..\scanf\doscan.c ..\..\scanf\fscanf.c ..\..\scanf\fscanffuns.c ..\..\scanf\scanf.c ..\..\scanf\sscanf.c ..\..\scanf\sscanffuns.c ..\..\scanf\vfscanf.c ..\..\scanf\vscanf.c ..\..\scanf\vsscanf.c
         doscan.c
         fscanf.c
         fscanffuns.c
         scanf.c
         sscanf.c
         sscanffuns.c
         vfscanf.c
         vscanf.c
         vsscanf.c
         Создание кода...
         C:\Program Files (x86)\Microsoft Visual Studio 10.0\VC\bin\CL.exe /c /I..\..\ /Zi /nologo /W1 /WX- /Ox /Oi /Oy- /D NDEBUG /D _LIB /D HAVE_CONFIG_H /D _MBCS /Gm- /EHsc /MT /GS /fp:precise /Zc:wchar_t /Zc:forScope /Fo"Win32\Release\mpn\\" /Fd"C:\Users\The trick\YandexDisk\Projects\BitcoinVB\mpir-2.6.0\build.vc10\Win32\Release\mpir.pdb" /Gd /TC /analyze- /errorReport:prompt ..\..\mpn\generic\add.c ..\..\mpn\generic\add_1.c ..\..\mpn\generic\add_err1_n.c ..\..\mpn\generic\add_err2_n.c ..\..\mpn\generic\add_n.c ..\..\mpn\generic\addadd_n.c ..\..\mpn\generic\addmul_1.c ..\..\mpn\generic\addsub_n.c ..\..\mpn\generic\and_n.c ..\..\mpn\generic\andn_n.c ..\..\mpn\generic\bdivmod.c ..\..\mpn\generic\cmp.c ..\..\mpn\generic\com_n.c ..\..\mpn\generic\copyd.c ..\..\mpn\generic\copyi.c ..\..\mpn\generic\dc_bdiv_q.c ..\..\mpn\generic\dc_bdiv_q_n.c ..\..\mpn\generic\dc_bdiv_qr.c ..\..\mpn\generic\dc_bdiv_qr_n.c ..\..\mpn\generic\dc_div_q.c ..\..\mpn\generic\dc_div_qr.c ..\..\mpn\generic\dc_div_qr_n.c ..\..\mpn\generic\dc_divappr_q.c ..\..\mpn\generic\dc_divappr_q_n.c ..\..\mpn\generic\divexact.c ..\..\mpn\generic\divexact_1.c ..\..\mpn\generic\divexact_by3c.c ..\..\mpn\generic\divexact_byff.c ..\..\mpn\generic\divexact_byfobm1.c ..\..\mpn\generic\divisible_p.c ..\..\mpn\generic\divrem.c ..\..\mpn\generic\divrem_1.c ..\..\mpn\generic\divrem_2.c ..\..\mpn\generic\divrem_euclidean_qr_1.c ..\..\mpn\generic\divrem_euclidean_qr_2.c ..\..\mpn\generic\divrem_euclidean_r_1.c ..\..\mpn\generic\divrem_hensel_qr_1.c ..\..\mpn\generic\divrem_hensel_qr_1_1.c ..\..\mpn\generic\divrem_hensel_qr_1_2.c ..\..\mpn\generic\divrem_hensel_r_1.c ..\..\mpn\generic\divrem_hensel_rsh_qr_1.c ..\..\mpn\generic\dump.c ..\..\mpn\generic\fib2_ui.c ..\..\mpn\generic\fib_table.c ..\..\mpn\generic\gcd.c ..\..\mpn\generic\gcd_1.c ..\..\mpn\generic\gcd_lehmer.c ..\..\mpn\generic\gcd_subdiv_step.c ..\..\mpn\generic\gcdext.c ..\..\mpn\generic\gcdext_1.c ..\..\mpn\generic\gcdext_lehmer.c ..\..\mpn\generic\gcdext_subdiv_step.c ..\..\mpn\generic\get_d.c ..\..\mpn\generic\get_str.c ..\..\mpn\generic\hamdist.c ..\..\mpn\generic\hgcd.c ..\..\mpn\generic\hgcd2.c ..\..\mpn\generic\inv_div_q.c ..\..\mpn\generic\inv_div_qr.c ..\..\mpn\generic\inv_div_qr_n.c ..\..\mpn\generic\inv_divappr_q.c ..\..\mpn\generic\inv_divappr_q_n.c ..\..\mpn\generic\invert.c ..\..\mpn\generic\ior_n.c ..\..\mpn\generic\iorn_n.c ..\..\mpn\generic\jacobi_base.c ..\..\mpn\generic\lshift.c ..\..\mpn\generic\matrix22_mul.c ..\..\mpn\generic\mod_1.c ..\..\mpn\generic\mod_1_1.c ..\..\mpn\generic\mod_1_2.c ..\..\mpn\generic\mod_1_3.c ..\..\mpn\generic\mod_34lsub1.c ..\..\mpn\generic\modexact_1c_odd.c ..\..\mpn\generic\mp_bases.c ..\..\mpn\generic\mul.c ..\..\mpn\generic\mul_1.c ..\..\mpn\generic\mul_basecase.c ..\..\mpn\generic\mul_n.c ..\..\mpn\generic\mulhigh_n.c ..\..\mpn\generic\mullow_basecase.c ..\..\mpn\generic\mullow_n.c ..\..\mpn\generic\mullow_n_basecase.c ..\..\mpn\generic\mulmid.c ..\..\mpn\generic\mulmid_basecase.c ..\..\mpn\generic\mulmid_n.c ..\..\mpn\generic\mulmod_2expm1.c ..\..\mpn\generic\mulmod_2expp1_basecase.c ..\..\mpn\generic\mulmod_bexpp1.c ..\..\mpn\generic\nand_n.c ..\..\mpn\generic\neg_n.c ..\..\mpn\generic\nior_n.c ..\..\mpn\generic\perfect_square_p.c ..\..\mpn\generic\popcount.c ..\..\mpn\generic\pow_1.c ..\..\mpn\generic\preinv_divrem_1.c ..\..\mpn\generic\preinv_mod_1.c ..\..\mpn\generic\random.c ..\..\mpn\generic\random2.c ..\..\mpn\generic\randomb.c ..\..\mpn\generic\redc_1.c ..\..\mpn\generic\redc_2.c ..\..\mpn\generic\rootrem.c ..\..\mpn\generic\rootrem_basecase.c ..\..\mpn\generic\rrandom.c ..\..\mpn\generic\rsh_divrem_hensel_qr_1.c ..\..\mpn\generic\rsh_divrem_hensel_qr_1_1.c ..\..\mpn\generic\rsh_divrem_hensel_qr_1_2.c ..\..\mpn\generic\rshift.c ..\..\mpn\generic\sb_bdiv_q.c ..\..\mpn\generic\sb_bdiv_qr.c ..\..\mpn\generic\sb_div_q.c ..\..\mpn\generic\sb_div_qr.c ..\..\mpn\generic\sb_divappr_q.c ..\..\mpn\generic\scan0.c ..\..\mpn\generic\scan1.c ..\..\mpn\generic\set_str.c ..\..\mpn\generic\sizeinbase.c ..\..\mpn\generic\sqr_basecase.c ..\..\mpn\generic\sqrtrem.c ..\..\mpn\generic\sub.c ..\..\mpn\generic\sub_1.c ..\..\mpn\generic\sub_err1_n.c ..\..\mpn\generic\sub_err2_n.c ..\..\mpn\generic\sub_n.c ..\..\mpn\generic\subadd_n.c ..\..\mpn\generic\submul_1.c ..\..\mpn\generic\sumdiff_n.c ..\..\mpn\generic\tdiv_q.c ..\..\mpn\generic\tdiv_qr.c ..\..\mpn\generic\toom3_mul.c ..\..\mpn\generic\toom3_mul_n.c ..\..\mpn\generic\toom42_mulmid.c ..\..\mpn\generic\toom4_mul.c ..\..\mpn\generic\toom4_mul_n.c ..\..\mpn\generic\toom8_sqr_n.c ..\..\mpn\generic\toom8h_mul.c ..\..\mpn\generic\toom_couple_handling.c ..\..\mpn\generic\toom_eval_dgr3_pm1.c ..\..\mpn\generic\toom_eval_dgr3_pm2.c ..\..\mpn\generic\toom_eval_pm1.c ..\..\mpn\generic\toom_eval_pm2.c ..\..\mpn\generic\toom_eval_pm2exp.c ..\..\mpn\generic\toom_eval_pm2rexp.c ..\..\mpn\generic\toom_interpolate_16pts.c ..\..\mpn\generic\urandomb.c ..\..\mpn\generic\urandomm.c ..\..\mpn\generic\xnor_n.c ..\..\mpn\generic\xor_n.c ..\..\mpn\generic\zero.c
         add.c
         add_1.c
         add_err1_n.c
         add_err2_n.c
         add_n.c
         addadd_n.c
         addmul_1.c
         addsub_n.c
         and_n.c
         andn_n.c
         bdivmod.c
         cmp.c
         com_n.c
         copyd.c
         copyi.c
         dc_bdiv_q.c
         dc_bdiv_q_n.c
         dc_bdiv_qr.c
         dc_bdiv_qr_n.c
         dc_div_q.c
         Создание кода...
         Компиляция...
         dc_div_qr.c
         dc_div_qr_n.c
         dc_divappr_q.c
         dc_divappr_q_n.c
         divexact.c
         divexact_1.c
         divexact_by3c.c
         divexact_byff.c
         divexact_byfobm1.c
         divisible_p.c
         divrem.c
         divrem_1.c
         divrem_2.c
         divrem_euclidean_qr_1.c
         divrem_euclidean_qr_2.c
         divrem_euclidean_r_1.c
         divrem_hensel_qr_1.c
         divrem_hensel_qr_1_1.c
         divrem_hensel_qr_1_2.c
         divrem_hensel_r_1.c
         Создание кода...
         Компиляция...
         divrem_hensel_rsh_qr_1.c
         dump.c
         fib2_ui.c
         fib_table.c
         gcd.c
         gcd_1.c
         gcd_lehmer.c
         gcd_subdiv_step.c
         gcdext.c
         gcdext_1.c
         gcdext_lehmer.c
         gcdext_subdiv_step.c
         get_d.c
         get_str.c
         hamdist.c
         hgcd.c
         hgcd2.c
         inv_div_q.c
         inv_div_qr.c
         inv_div_qr_n.c
         Создание кода...
         Компиляция...
         inv_divappr_q.c
         inv_divappr_q_n.c
         invert.c
         ior_n.c
         iorn_n.c
         jacobi_base.c
         lshift.c
         matrix22_mul.c
         mod_1.c
         mod_1_1.c
         mod_1_2.c
         mod_1_3.c
         mod_34lsub1.c
         modexact_1c_odd.c
         mp_bases.c
         mul.c
         mul_1.c
         mul_basecase.c
         mul_n.c
         mulhigh_n.c
         Создание кода...
         Компиляция...
         mullow_basecase.c
         mullow_n.c
         mullow_n_basecase.c
         mulmid.c
         mulmid_basecase.c
         mulmid_n.c
         mulmod_2expm1.c
         mulmod_2expp1_basecase.c
         mulmod_bexpp1.c
         nand_n.c
         neg_n.c
         nior_n.c
         perfect_square_p.c
         popcount.c
         pow_1.c
         preinv_divrem_1.c
         preinv_mod_1.c
         random.c
         random2.c
         randomb.c
         Создание кода...
         Компиляция...
         redc_1.c
         redc_2.c
         rootrem.c
         rootrem_basecase.c
         rrandom.c
         rsh_divrem_hensel_qr_1.c
         rsh_divrem_hensel_qr_1_1.c
         rsh_divrem_hensel_qr_1_2.c
         rshift.c
         sb_bdiv_q.c
         sb_bdiv_qr.c
         sb_div_q.c
         sb_div_qr.c
         sb_divappr_q.c
         scan0.c
         scan1.c
         set_str.c
         sizeinbase.c
         sqr_basecase.c
         sqrtrem.c
         Создание кода...
         Компиляция...
         sub.c
         sub_1.c
         sub_err1_n.c
         sub_err2_n.c
         sub_n.c
         subadd_n.c
         submul_1.c
         sumdiff_n.c
         tdiv_q.c
         tdiv_qr.c
         toom3_mul.c
         toom3_mul_n.c
         toom42_mulmid.c
         toom4_mul.c
         toom4_mul_n.c
         toom8_sqr_n.c
         toom8h_mul.c
         toom_couple_handling.c
         toom_eval_dgr3_pm1.c
         toom_eval_dgr3_pm2.c
         Создание кода...
         Компиляция...
         toom_eval_pm1.c
         toom_eval_pm2.c
         toom_eval_pm2exp.c
         toom_eval_pm2rexp.c
         toom_interpolate_16pts.c
         urandomb.c
         urandomm.c
         xnor_n.c
         xor_n.c
         zero.c
         Создание кода...
       Lib:
         C:\Program Files (x86)\Microsoft Visual Studio 10.0\VC\bin\Lib.exe /OUT:"C:\Users\The trick\YandexDisk\Projects\BitcoinVB\mpir-2.6.0\build.vc10\Win32\Release\mpir.lib" /NOLOGO Win32\Release\assert.obj
         Win32\Release\errno.obj
         "Win32\Release\extract-dbl.obj"
         Win32\Release\invalid.obj
         Win32\Release\memory.obj
         Win32\Release\mp_bpl.obj
         Win32\Release\mp_clz_tab.obj
         Win32\Release\mp_dv_tab.obj
         Win32\Release\mp_get_fns.obj
         Win32\Release\mp_minv_tab.obj
         Win32\Release\mp_set_fns.obj
         Win32\Release\randbui.obj
         Win32\Release\randclr.obj
         Win32\Release\randdef.obj
         Win32\Release\randiset.obj
         Win32\Release\randlc2s.obj
         Win32\Release\randlc2x.obj
         Win32\Release\randmt.obj
         Win32\Release\randmts.obj
         Win32\Release\randmui.obj
         Win32\Release\rands.obj
         Win32\Release\randsd.obj
         Win32\Release\randsdui.obj
         "Win32\Release\tal-reent.obj"
         Win32\Release\version.obj
         Win32\Release\fft\adjust.obj
         Win32\Release\fft\adjust_sqrt2.obj
         Win32\Release\fft\butterfly_lshB.obj
         Win32\Release\fft\butterfly_rshB.obj
         Win32\Release\fft\combine_bits.obj
         Win32\Release\fft\div_2expmod_2expp1.obj
         Win32\Release\fft\fermat_to_mpz.obj
         Win32\Release\fft\fft_mfa_trunc_sqrt2.obj
         Win32\Release\fft\fft_mfa_trunc_sqrt2_inner.obj
         Win32\Release\fft\fft_negacylic.obj
         Win32\Release\fft\fft_radix2.obj
         Win32\Release\fft\fft_trunc.obj
         Win32\Release\fft\fft_trunc_sqrt2.obj
         Win32\Release\fft\ifft_mfa_trunc_sqrt2.obj
         Win32\Release\fft\ifft_negacyclic.obj
         Win32\Release\fft\ifft_radix2.obj
         Win32\Release\fft\ifft_trunc.obj
         Win32\Release\fft\ifft_trunc_sqrt2.obj
         Win32\Release\fft\mul_2expmod_2expp1.obj
         Win32\Release\fft\mul_fft_main.obj
         Win32\Release\fft\mul_mfa_trunc_sqrt2.obj
         Win32\Release\fft\mul_trunc_sqrt2.obj
         Win32\Release\fft\mulmod_2expp1.obj
         Win32\Release\fft\normmod_2expp1.obj
         Win32\Release\fft\revbin.obj
         Win32\Release\fft\split_bits.obj
         Win32\Release\mpf\abs.obj
         Win32\Release\mpf\add.obj
         Win32\Release\mpf\add_ui.obj
         Win32\Release\mpf\ceilfloor.obj
         Win32\Release\mpf\clear.obj
         Win32\Release\mpf\clears.obj
         Win32\Release\mpf\cmp.obj
         Win32\Release\mpf\cmp_d.obj
         Win32\Release\mpf\cmp_si.obj
         Win32\Release\mpf\cmp_ui.obj
         Win32\Release\mpf\div.obj
         Win32\Release\mpf\div_2exp.obj
         Win32\Release\mpf\div_ui.obj
         Win32\Release\mpf\dump.obj
         Win32\Release\mpf\eq.obj
         Win32\Release\mpf\fits_si.obj
         Win32\Release\mpf\fits_sint.obj
         Win32\Release\mpf\fits_slong.obj
         Win32\Release\mpf\fits_sshort.obj
         Win32\Release\mpf\fits_ui.obj
         Win32\Release\mpf\fits_uint.obj
         Win32\Release\mpf\fits_ulong.obj
         Win32\Release\mpf\fits_ushort.obj
         Win32\Release\mpf\get_d.obj
         Win32\Release\mpf\get_d_2exp.obj
         Win32\Release\mpf\get_dfl_prec.obj
         Win32\Release\mpf\get_prc.obj
         Win32\Release\mpf\get_si.obj
         Win32\Release\mpf\get_str.obj
         Win32\Release\mpf\get_ui.obj
         Win32\Release\mpf\init.obj
         Win32\Release\mpf\init2.obj
         Win32\Release\mpf\inits.obj
         Win32\Release\mpf\inp_str.obj
         Win32\Release\mpf\int_p.obj
         Win32\Release\mpf\iset.obj
         Win32\Release\mpf\iset_d.obj
         Win32\Release\mpf\iset_si.obj
         Win32\Release\mpf\iset_str.obj
         Win32\Release\mpf\iset_ui.obj
         Win32\Release\mpf\mul.obj
         Win32\Release\mpf\mul_2exp.obj
         Win32\Release\mpf\mul_ui.obj
         Win32\Release\mpf\neg.obj
         Win32\Release\mpf\out_str.obj
         Win32\Release\mpf\pow_ui.obj
         Win32\Release\mpf\random2.obj
         Win32\Release\mpf\reldiff.obj
         Win32\Release\mpf\rrandomb.obj
         Win32\Release\mpf\set.obj
         Win32\Release\mpf\set_d.obj
         Win32\Release\mpf\set_dfl_prec.obj
         Win32\Release\mpf\set_prc.obj
         Win32\Release\mpf\set_prc_raw.obj
         Win32\Release\mpf\set_q.obj
         Win32\Release\mpf\set_si.obj
         Win32\Release\mpf\set_str.obj
         Win32\Release\mpf\set_ui.obj
         Win32\Release\mpf\set_z.obj
         Win32\Release\mpf\size.obj
         Win32\Release\mpf\sqrt.obj
         Win32\Release\mpf\sqrt_ui.obj
         Win32\Release\mpf\sub.obj
         Win32\Release\mpf\sub_ui.obj
         Win32\Release\mpf\swap.obj
         Win32\Release\mpf\trunc.obj
         Win32\Release\mpf\ui_div.obj
         Win32\Release\mpf\ui_sub.obj
         Win32\Release\mpf\urandomb.obj
         Win32\Release\mpq\abs.obj
         Win32\Release\mpq\aors.obj
         Win32\Release\mpq\canonicalize.obj
         Win32\Release\mpq\clear.obj
         Win32\Release\mpq\clears.obj
         Win32\Release\mpq\cmp.obj
         Win32\Release\mpq\cmp_si.obj
         Win32\Release\mpq\cmp_ui.obj
         Win32\Release\mpq\div.obj
         Win32\Release\mpq\equal.obj
         Win32\Release\mpq\get_d.obj
         Win32\Release\mpq\get_den.obj
         Win32\Release\mpq\get_num.obj
         Win32\Release\mpq\get_str.obj
         Win32\Release\mpq\init.obj
         Win32\Release\mpq\inits.obj
         Win32\Release\mpq\inp_str.obj
         Win32\Release\mpq\inv.obj
         Win32\Release\mpq\md_2exp.obj
         Win32\Release\mpq\mul.obj
         Win32\Release\mpq\neg.obj
         Win32\Release\mpq\out_str.obj
         Win32\Release\mpq\set.obj
         Win32\Release\mpq\set_d.obj
         Win32\Release\mpq\set_den.obj
         Win32\Release\mpq\set_f.obj
         Win32\Release\mpq\set_num.obj
         Win32\Release\mpq\set_si.obj
         Win32\Release\mpq\set_str.obj
         Win32\Release\mpq\set_ui.obj
         Win32\Release\mpq\set_z.obj
         Win32\Release\mpq\swap.obj
         Win32\Release\mpz\abs.obj
         Win32\Release\mpz\add.obj
         Win32\Release\mpz\add_ui.obj
         Win32\Release\mpz\and.obj
         Win32\Release\mpz\aorsmul.obj
         Win32\Release\mpz\aorsmul_i.obj
         Win32\Release\mpz\array_init.obj
         Win32\Release\mpz\bin_ui.obj
         Win32\Release\mpz\bin_uiui.obj
         Win32\Release\mpz\cdiv_q.obj
         Win32\Release\mpz\cdiv_q_ui.obj
         Win32\Release\mpz\cdiv_qr.obj
         Win32\Release\mpz\cdiv_qr_ui.obj
         Win32\Release\mpz\cdiv_r.obj
         Win32\Release\mpz\cdiv_r_ui.obj
         Win32\Release\mpz\cdiv_ui.obj
         Win32\Release\mpz\cfdiv_q_2exp.obj
         Win32\Release\mpz\cfdiv_r_2exp.obj
         Win32\Release\mpz\clear.obj
         Win32\Release\mpz\clears.obj
         Win32\Release\mpz\clrbit.obj
         Win32\Release\mpz\cmp.obj
         Win32\Release\mpz\cmp_d.obj
         Win32\Release\mpz\cmp_si.obj
         Win32\Release\mpz\cmp_ui.obj
         Win32\Release\mpz\cmpabs.obj
         Win32\Release\mpz\cmpabs_d.obj
         Win32\Release\mpz\cmpabs_ui.obj
         Win32\Release\mpz\com.obj
         Win32\Release\mpz\combit.obj
         Win32\Release\mpz\cong.obj
         Win32\Release\mpz\cong_2exp.obj
         Win32\Release\mpz\cong_ui.obj
         Win32\Release\mpz\dive_ui.obj
         Win32\Release\mpz\divegcd.obj
         Win32\Release\mpz\divexact.obj
         Win32\Release\mpz\divis.obj
         Win32\Release\mpz\divis_2exp.obj
         Win32\Release\mpz\divis_ui.obj
         Win32\Release\mpz\dump.obj
         Win32\Release\mpz\export.obj
         Win32\Release\mpz\fac_ui.obj
         Win32\Release\mpz\fdiv_q.obj
         Win32\Release\mpz\fdiv_q_ui.obj
         Win32\Release\mpz\fdiv_qr.obj
         Win32\Release\mpz\fdiv_qr_ui.obj
         Win32\Release\mpz\fdiv_r.obj
         Win32\Release\mpz\fdiv_r_ui.obj
         Win32\Release\mpz\fdiv_ui.obj
         Win32\Release\mpz\fib2_ui.obj
         Win32\Release\mpz\fib_ui.obj
         Win32\Release\mpz\fits_si.obj
         Win32\Release\mpz\fits_sint.obj
         Win32\Release\mpz\fits_slong.obj
         Win32\Release\mpz\fits_sshort.obj
         Win32\Release\mpz\fits_ui.obj
         Win32\Release\mpz\fits_uint.obj
         Win32\Release\mpz\fits_ulong.obj
         Win32\Release\mpz\fits_ushort.obj
         Win32\Release\mpz\gcd.obj
         Win32\Release\mpz\gcd_ui.obj
         Win32\Release\mpz\gcdext.obj
         Win32\Release\mpz\get_d.obj
         Win32\Release\mpz\get_d_2exp.obj
         Win32\Release\mpz\get_si.obj
         Win32\Release\mpz\get_str.obj
         Win32\Release\mpz\get_sx.obj
         Win32\Release\mpz\get_ui.obj
         Win32\Release\mpz\get_ux.obj
         Win32\Release\mpz\getlimbn.obj
         Win32\Release\mpz\hamdist.obj
         Win32\Release\mpz\import.obj
         Win32\Release\mpz\init.obj
         Win32\Release\mpz\init2.obj
         Win32\Release\mpz\inits.obj
         Win32\Release\mpz\inp_raw.obj
         Win32\Release\mpz\inp_str.obj
         Win32\Release\mpz\invert.obj
         Win32\Release\mpz\ior.obj
         Win32\Release\mpz\iset.obj
         Win32\Release\mpz\iset_d.obj
         Win32\Release\mpz\iset_si.obj
         Win32\Release\mpz\iset_str.obj
         Win32\Release\mpz\iset_sx.obj
         Win32\Release\mpz\iset_ui.obj
         Win32\Release\mpz\iset_ux.obj
         Win32\Release\mpz\jacobi.obj
         Win32\Release\mpz\kronsz.obj
         Win32\Release\mpz\kronuz.obj
         Win32\Release\mpz\kronzs.obj
         Win32\Release\mpz\kronzu.obj
         Win32\Release\mpz\lcm.obj
         Win32\Release\mpz\lcm_ui.obj
         Win32\Release\mpz\likely_prime_p.obj
         Win32\Release\mpz\lucnum2_ui.obj
         Win32\Release\mpz\lucnum_ui.obj
         Win32\Release\mpz\miller_rabin.obj
         Win32\Release\mpz\millerrabin.obj
         Win32\Release\mpz\mod.obj
         Win32\Release\mpz\mul.obj
         Win32\Release\mpz\mul_2exp.obj
         Win32\Release\mpz\mul_si.obj
         Win32\Release\mpz\mul_ui.obj
         Win32\Release\mpz\n_pow_ui.obj
         Win32\Release\mpz\neg.obj
         Win32\Release\mpz\next_likely_prime.obj
         Win32\Release\mpz\nextprime.obj
         Win32\Release\mpz\nthroot.obj
         Win32\Release\mpz\out_raw.obj
         Win32\Release\mpz\out_str.obj
         Win32\Release\mpz\perfpow.obj
         Win32\Release\mpz\perfsqr.obj
         Win32\Release\mpz\popcount.obj
         Win32\Release\mpz\pow_ui.obj
         Win32\Release\mpz\powm.obj
         Win32\Release\mpz\powm_ui.obj
         Win32\Release\mpz\pprime_p.obj
         Win32\Release\mpz\probable_prime_p.obj
         Win32\Release\mpz\realloc.obj
         Win32\Release\mpz\realloc2.obj
         Win32\Release\mpz\remove.obj
         Win32\Release\mpz\root.obj
         Win32\Release\mpz\rootrem.obj
         Win32\Release\mpz\rrandomb.obj
         Win32\Release\mpz\scan0.obj
         Win32\Release\mpz\scan1.obj
         Win32\Release\mpz\set.obj
         Win32\Release\mpz\set_d.obj
         Win32\Release\mpz\set_f.obj
         Win32\Release\mpz\set_q.obj
         Win32\Release\mpz\set_si.obj
         Win32\Release\mpz\set_str.obj
         Win32\Release\mpz\set_sx.obj
         Win32\Release\mpz\set_ui.obj
         Win32\Release\mpz\set_ux.obj
         Win32\Release\mpz\setbit.obj
         Win32\Release\mpz\size.obj
         Win32\Release\mpz\sizeinbase.obj
         Win32\Release\mpz\sqrt.obj
         Win32\Release\mpz\sqrtrem.obj
         Win32\Release\mpz\sub.obj
         Win32\Release\mpz\sub_ui.obj
         Win32\Release\mpz\swap.obj
         Win32\Release\mpz\tdiv_q.obj
         Win32\Release\mpz\tdiv_q_2exp.obj
         Win32\Release\mpz\tdiv_q_ui.obj
         Win32\Release\mpz\tdiv_qr.obj
         Win32\Release\mpz\tdiv_qr_ui.obj
         Win32\Release\mpz\tdiv_r.obj
         Win32\Release\mpz\tdiv_r_2exp.obj
         Win32\Release\mpz\tdiv_r_ui.obj
         Win32\Release\mpz\tdiv_ui.obj
         Win32\Release\mpz\trial_division.obj
         Win32\Release\mpz\tstbit.obj
         Win32\Release\mpz\ui_pow_ui.obj
         Win32\Release\mpz\ui_sub.obj
         Win32\Release\mpz\urandomb.obj
         Win32\Release\mpz\urandomm.obj
         Win32\Release\mpz\xor.obj
         Win32\Release\printf\asprintf.obj
         Win32\Release\printf\asprntffuns.obj
         Win32\Release\printf\doprnt.obj
         Win32\Release\printf\doprntf.obj
         Win32\Release\printf\doprnti.obj
         Win32\Release\printf\fprintf.obj
         Win32\Release\printf\obprintf.obj
         Win32\Release\printf\obprntffuns.obj
         Win32\Release\printf\obvprintf.obj
         Win32\Release\printf\printf.obj
         Win32\Release\printf\printffuns.obj
         "Win32\Release\printf\repl-vsnprintf.obj"
         Win32\Release\printf\snprintf.obj
         Win32\Release\printf\snprntffuns.obj
         Win32\Release\printf\sprintf.obj
         Win32\Release\printf\sprintffuns.obj
         Win32\Release\printf\vasprintf.obj
         Win32\Release\printf\vfprintf.obj
         Win32\Release\printf\vprintf.obj
         Win32\Release\printf\vsnprintf.obj
         Win32\Release\printf\vsprintf.obj
         Win32\Release\scanf\doscan.obj
         Win32\Release\scanf\fscanf.obj
         Win32\Release\scanf\fscanffuns.obj
         Win32\Release\scanf\scanf.obj
         Win32\Release\scanf\sscanf.obj
         Win32\Release\scanf\sscanffuns.obj
         Win32\Release\scanf\vfscanf.obj
         Win32\Release\scanf\vscanf.obj
         Win32\Release\scanf\vsscanf.obj
         Win32\Release\mpn\add.obj
         Win32\Release\mpn\add_1.obj
         Win32\Release\mpn\add_err1_n.obj
         Win32\Release\mpn\add_err2_n.obj
         Win32\Release\mpn\add_n.obj
         Win32\Release\mpn\addadd_n.obj
         Win32\Release\mpn\addmul_1.obj
         Win32\Release\mpn\addsub_n.obj
         Win32\Release\mpn\and_n.obj
         Win32\Release\mpn\andn_n.obj
         Win32\Release\mpn\bdivmod.obj
         Win32\Release\mpn\cmp.obj
         Win32\Release\mpn\com_n.obj
         Win32\Release\mpn\copyd.obj
         Win32\Release\mpn\copyi.obj
         Win32\Release\mpn\dc_bdiv_q.obj
         Win32\Release\mpn\dc_bdiv_q_n.obj
         Win32\Release\mpn\dc_bdiv_qr.obj
         Win32\Release\mpn\dc_bdiv_qr_n.obj
         Win32\Release\mpn\dc_div_q.obj
         Win32\Release\mpn\dc_div_qr.obj
         Win32\Release\mpn\dc_div_qr_n.obj
         Win32\Release\mpn\dc_divappr_q.obj
         Win32\Release\mpn\dc_divappr_q_n.obj
         Win32\Release\mpn\divexact.obj
         Win32\Release\mpn\divexact_1.obj
         Win32\Release\mpn\divexact_by3c.obj
         Win32\Release\mpn\divexact_byff.obj
         Win32\Release\mpn\divexact_byfobm1.obj
         Win32\Release\mpn\divisible_p.obj
         Win32\Release\mpn\divrem.obj
         Win32\Release\mpn\divrem_1.obj
         Win32\Release\mpn\divrem_2.obj
         Win32\Release\mpn\divrem_euclidean_qr_1.obj
         Win32\Release\mpn\divrem_euclidean_qr_2.obj
         Win32\Release\mpn\divrem_euclidean_r_1.obj
         Win32\Release\mpn\divrem_hensel_qr_1.obj
         Win32\Release\mpn\divrem_hensel_qr_1_1.obj
         Win32\Release\mpn\divrem_hensel_qr_1_2.obj
         Win32\Release\mpn\divrem_hensel_r_1.obj
         Win32\Release\mpn\divrem_hensel_rsh_qr_1.obj
         Win32\Release\mpn\dump.obj
         Win32\Release\mpn\fib2_ui.obj
         Win32\Release\mpn\fib_table.obj
         Win32\Release\mpn\gcd.obj
         Win32\Release\mpn\gcd_1.obj
         Win32\Release\mpn\gcd_lehmer.obj
         Win32\Release\mpn\gcd_subdiv_step.obj
         Win32\Release\mpn\gcdext.obj
         Win32\Release\mpn\gcdext_1.obj
         Win32\Release\mpn\gcdext_lehmer.obj
         Win32\Release\mpn\gcdext_subdiv_step.obj
         Win32\Release\mpn\get_d.obj
         Win32\Release\mpn\get_str.obj
         Win32\Release\mpn\hamdist.obj
         Win32\Release\mpn\hgcd.obj
         Win32\Release\mpn\hgcd2.obj
         Win32\Release\mpn\inv_div_q.obj
         Win32\Release\mpn\inv_div_qr.obj
         Win32\Release\mpn\inv_div_qr_n.obj
         Win32\Release\mpn\inv_divappr_q.obj
         Win32\Release\mpn\inv_divappr_q_n.obj
         Win32\Release\mpn\invert.obj
         Win32\Release\mpn\ior_n.obj
         Win32\Release\mpn\iorn_n.obj
         Win32\Release\mpn\jacobi_base.obj
         Win32\Release\mpn\lshift.obj
         Win32\Release\mpn\matrix22_mul.obj
         Win32\Release\mpn\mod_1.obj
         Win32\Release\mpn\mod_1_1.obj
         Win32\Release\mpn\mod_1_2.obj
         Win32\Release\mpn\mod_1_3.obj
         Win32\Release\mpn\mod_34lsub1.obj
         Win32\Release\mpn\modexact_1c_odd.obj
         Win32\Release\mpn\mp_bases.obj
         Win32\Release\mpn\mul.obj
         Win32\Release\mpn\mul_1.obj
         Win32\Release\mpn\mul_basecase.obj
         Win32\Release\mpn\mul_n.obj
         Win32\Release\mpn\mulhigh_n.obj
         Win32\Release\mpn\mullow_basecase.obj
         Win32\Release\mpn\mullow_n.obj
         Win32\Release\mpn\mullow_n_basecase.obj
         Win32\Release\mpn\mulmid.obj
         Win32\Release\mpn\mulmid_basecase.obj
         Win32\Release\mpn\mulmid_n.obj
         Win32\Release\mpn\mulmod_2expm1.obj
         Win32\Release\mpn\mulmod_2expp1_basecase.obj
         Win32\Release\mpn\mulmod_bexpp1.obj
         Win32\Release\mpn\nand_n.obj
         Win32\Release\mpn\neg_n.obj
         Win32\Release\mpn\nior_n.obj
         Win32\Release\mpn\perfect_square_p.obj
         Win32\Release\mpn\popcount.obj
         Win32\Release\mpn\pow_1.obj
         Win32\Release\mpn\preinv_divrem_1.obj
         Win32\Release\mpn\preinv_mod_1.obj
         Win32\Release\mpn\random.obj
         Win32\Release\mpn\random2.obj
         Win32\Release\mpn\randomb.obj
         Win32\Release\mpn\redc_1.obj
         Win32\Release\mpn\redc_2.obj
         Win32\Release\mpn\rootrem.obj
         Win32\Release\mpn\rootrem_basecase.obj
         Win32\Release\mpn\rrandom.obj
         Win32\Release\mpn\rsh_divrem_hensel_qr_1.obj
         Win32\Release\mpn\rsh_divrem_hensel_qr_1_1.obj
         Win32\Release\mpn\rsh_divrem_hensel_qr_1_2.obj
         Win32\Release\mpn\rshift.obj
         Win32\Release\mpn\sb_bdiv_q.obj
         Win32\Release\mpn\sb_bdiv_qr.obj
         Win32\Release\mpn\sb_div_q.obj
         Win32\Release\mpn\sb_div_qr.obj
         Win32\Release\mpn\sb_divappr_q.obj
         Win32\Release\mpn\scan0.obj
         Win32\Release\mpn\scan1.obj
         Win32\Release\mpn\set_str.obj
         Win32\Release\mpn\sizeinbase.obj
         Win32\Release\mpn\sqr_basecase.obj
         Win32\Release\mpn\sqrtrem.obj
         Win32\Release\mpn\sub.obj
         Win32\Release\mpn\sub_1.obj
         Win32\Release\mpn\sub_err1_n.obj
         Win32\Release\mpn\sub_err2_n.obj
         Win32\Release\mpn\sub_n.obj
         Win32\Release\mpn\subadd_n.obj
         Win32\Release\mpn\submul_1.obj
         Win32\Release\mpn\sumdiff_n.obj
         Win32\Release\mpn\tdiv_q.obj
         Win32\Release\mpn\tdiv_qr.obj
         Win32\Release\mpn\toom3_mul.obj
         Win32\Release\mpn\toom3_mul_n.obj
         Win32\Release\mpn\toom42_mulmid.obj
         Win32\Release\mpn\toom4_mul.obj
         Win32\Release\mpn\toom4_mul_n.obj
         Win32\Release\mpn\toom8_sqr_n.obj
         Win32\Release\mpn\toom8h_mul.obj
         Win32\Release\mpn\toom_couple_handling.obj
         Win32\Release\mpn\toom_eval_dgr3_pm1.obj
         Win32\Release\mpn\toom_eval_dgr3_pm2.obj
         Win32\Release\mpn\toom_eval_pm1.obj
         Win32\Release\mpn\toom_eval_pm2.obj
         Win32\Release\mpn\toom_eval_pm2exp.obj
         Win32\Release\mpn\toom_eval_pm2rexp.obj
         Win32\Release\mpn\toom_interpolate_16pts.obj
         Win32\Release\mpn\urandomb.obj
         Win32\Release\mpn\urandomm.obj
         Win32\Release\mpn\xnor_n.obj
         Win32\Release\mpn\xor_n.obj
         Win32\Release\mpn\zero.obj
         lib_mpir_gc.vcxproj -> C:\Users\The trick\YandexDisk\Projects\BitcoinVB\mpir-2.6.0\build.vc10\Win32\Release\mpir.lib
       PostBuildEvent:
         cd ..\ 
         postbuild "C:\Users\The trick\YandexDisk\Projects\BitcoinVB\mpir-2.6.0\build.vc10\Win32\Release\mpir.lib"
               
         :VCEnd
         copying outputs from "Win32\Release" to "..\lib\Win32\Release"
       FinalizeBuildStatus:
         Файл "Win32\Release\lib_mpir_gc.unsuccessfulbuild" удаляется.
         Обращение к "Win32\Release\lib_mpir_gc.lastbuildstate".
     1>Построение проекта "C:\Users\The trick\YandexDisk\Projects\BitcoinVB\mpir-2.6.0\build.vc10\lib_mpir_gc\lib_mpir_gc.vcxproj" завершено (целевые объекты build).

Построение успешно завершено.

Затраченное время: 00:00:33.28
